<?xml version="1.0" encoding="UTF-8"?>
<testsuite xmlns:xsi="http://www.w3.org/2001/XMLSchema-instance" xsi:noNamespaceSchemaLocation="https://maven.apache.org/surefire/maven-surefire-plugin/xsd/surefire-test-report.xsd" name="spring.micro.brewery.BeerControllerTest" time="22.255" tests="3" errors="0" skipped="0" failures="2">
  <properties>
[...]
</properties>
  <testcase name="saveBeer" classname="spring.micro.brewery.BeerControllerTest" time="1.457">
    <failure message="Status expected:&lt;201&gt; but was:&lt;400&gt;" type="java.lang.AssertionError"><![CDATA[java.lang.AssertionError: Status expected:<201> but was:<400>
	at spring.micro.brewery.BeerControllerTest.saveBeer(BeerControllerTest.java:55)
]]></failure>
    <system-out><![CDATA[22:03:00.117 [main] DEBUG org.springframework.test.context.BootstrapUtils - Instantiating CacheAwareContextLoaderDelegate from class [org.springframework.test.context.cache.DefaultCacheAwareContextLoaderDelegate]
22:03:00.177 [main] DEBUG org.springframework.test.context.BootstrapUtils - Instantiating BootstrapContext using constructor [public org.springframework.test.context.support.DefaultBootstrapContext(java.lang.Class,org.springframework.test.context.CacheAwareContextLoaderDelegate)]
22:03:00.357 [main] DEBUG org.springframework.test.context.BootstrapUtils - Instantiating TestContextBootstrapper for test class [spring.micro.brewery.BeerControllerTest] from class [org.springframework.boot.test.context.SpringBootTestContextBootstrapper]
22:03:00.489 [main] INFO org.springframework.boot.test.context.SpringBootTestContextBootstrapper - Neither @ContextConfiguration nor @ContextHierarchy found for test class [spring.micro.brewery.BeerControllerTest], using SpringBootContextLoader
22:03:00.510 [main] DEBUG org.springframework.test.context.support.AbstractContextLoader - Did not detect default resource location for test class [spring.micro.brewery.BeerControllerTest]: class path resource [spring/micro/brewery/BeerControllerTest-context.xml] does not exist
22:03:00.513 [main] DEBUG org.springframework.test.context.support.AbstractContextLoader - Did not detect default resource location for test class [spring.micro.brewery.BeerControllerTest]: class path resource [spring/micro/brewery/BeerControllerTestContext.groovy] does not exist
22:03:00.513 [main] INFO org.springframework.test.context.support.AbstractContextLoader - Could not detect default resource locations for test class [spring.micro.brewery.BeerControllerTest]: no resource found for suffixes {-context.xml, Context.groovy}.
22:03:00.516 [main] INFO org.springframework.test.context.support.AnnotationConfigContextLoaderUtils - Could not detect default configuration classes for test class [spring.micro.brewery.BeerControllerTest]: BeerControllerTest does not declare any static, non-private, non-final, nested classes annotated with @Configuration.
22:03:00.931 [main] DEBUG org.springframework.test.context.support.ActiveProfilesUtils - Could not find an 'annotation declaring class' for annotation type [org.springframework.test.context.ActiveProfiles] and class [spring.micro.brewery.BeerControllerTest]
22:03:01.091 [main] DEBUG org.springframework.context.annotation.ClassPathScanningCandidateComponentProvider - Identified candidate component class: file [E:\Projects\git\micro-brewery\target\classes\spring\micro\brewery\BreweryApplication.class]
22:03:01.093 [main] INFO org.springframework.boot.test.context.SpringBootTestContextBootstrapper - Found @SpringBootConfiguration spring.micro.brewery.BreweryApplication for test class spring.micro.brewery.BeerControllerTest
22:03:01.469 [main] DEBUG org.springframework.boot.test.context.SpringBootTestContextBootstrapper - @TestExecutionListeners is not present for class [spring.micro.brewery.BeerControllerTest]: using defaults.
22:03:01.470 [main] INFO org.springframework.boot.test.context.SpringBootTestContextBootstrapper - Loaded default TestExecutionListener class names from location [META-INF/spring.factories]: [org.springframework.boot.test.autoconfigure.restdocs.RestDocsTestExecutionListener, org.springframework.boot.test.autoconfigure.web.client.MockRestServiceServerResetTestExecutionListener, org.springframework.boot.test.autoconfigure.web.servlet.MockMvcPrintOnlyOnFailureTestExecutionListener, org.springframework.boot.test.autoconfigure.web.servlet.WebDriverTestExecutionListener, org.springframework.boot.test.autoconfigure.webservices.client.MockWebServiceServerTestExecutionListener, org.springframework.test.context.web.ServletTestExecutionListener, org.springframework.test.context.support.DirtiesContextBeforeModesTestExecutionListener, org.springframework.test.context.support.DependencyInjectionTestExecutionListener, org.springframework.test.context.support.DirtiesContextTestExecutionListener, org.springframework.test.context.transaction.TransactionalTestExecutionListener, org.springframework.test.context.jdbc.SqlScriptsTestExecutionListener, org.springframework.test.context.event.EventPublishingTestExecutionListener, org.springframework.boot.test.mock.mockito.MockitoTestExecutionListener, org.springframework.boot.test.mock.mockito.ResetMocksTestExecutionListener]
22:03:01.522 [main] INFO org.springframework.boot.test.context.SpringBootTestContextBootstrapper - Using TestExecutionListeners: [org.springframework.test.context.web.ServletTestExecutionListener@68ad99fe, org.springframework.test.context.support.DirtiesContextBeforeModesTestExecutionListener@485e36bc, org.springframework.boot.test.mock.mockito.MockitoTestExecutionListener@781f10f2, org.springframework.boot.test.autoconfigure.SpringBootDependencyInjectionTestExecutionListener@2a79d4b1, org.springframework.test.context.support.DirtiesContextTestExecutionListener@2e9fda69, org.springframework.test.context.transaction.TransactionalTestExecutionListener@17cdf2d0, org.springframework.test.context.jdbc.SqlScriptsTestExecutionListener@1755e85b, org.springframework.test.context.event.EventPublishingTestExecutionListener@736d6a5c, org.springframework.boot.test.autoconfigure.restdocs.RestDocsTestExecutionListener@2371aaca, org.springframework.boot.test.autoconfigure.web.client.MockRestServiceServerResetTestExecutionListener@5b529706, org.springframework.boot.test.autoconfigure.web.servlet.MockMvcPrintOnlyOnFailureTestExecutionListener@63fdab07, org.springframework.boot.test.autoconfigure.web.servlet.WebDriverTestExecutionListener@7b5a12ae, org.springframework.boot.test.autoconfigure.webservices.client.MockWebServiceServerTestExecutionListener@5553d0f5, org.springframework.boot.test.mock.mockito.ResetMocksTestExecutionListener@1af687fe]
22:03:01.531 [main] DEBUG org.springframework.test.context.support.AbstractDirtiesContextTestExecutionListener - Before test class: context [DefaultTestContext@4e70a728 testClass = BeerControllerTest, testInstance = [null], testMethod = [null], testException = [null], mergedContextConfiguration = [WebMergedContextConfiguration@b7838a9 testClass = BeerControllerTest, locations = '{}', classes = '{class spring.micro.brewery.BreweryApplication}', contextInitializerClasses = '[]', activeProfiles = '{}', propertySourceLocations = '{}', propertySourceProperties = '{org.springframework.boot.test.context.SpringBootTestContextBootstrapper=true}', contextCustomizers = set[org.springframework.boot.test.autoconfigure.properties.PropertyMappingContextCustomizer@4b3fa0b3, org.springframework.boot.test.autoconfigure.web.servlet.WebDriverContextCustomizerFactory$Customizer@6dd7b5a3, [ImportsContextCustomizer@696f0212 key = [org.springframework.boot.test.autoconfigure.web.servlet.MockMvcAutoConfiguration, org.springframework.boot.test.autoconfigure.web.servlet.MockMvcWebClientAutoConfiguration, org.springframework.boot.test.autoconfigure.web.servlet.MockMvcWebDriverAutoConfiguration, org.springframework.boot.autoconfigure.security.oauth2.client.servlet.OAuth2ClientAutoConfiguration, org.springframework.boot.autoconfigure.security.oauth2.resource.servlet.OAuth2ResourceServerAutoConfiguration, org.springframework.boot.autoconfigure.security.servlet.SecurityAutoConfiguration, org.springframework.boot.autoconfigure.security.servlet.SecurityFilterAutoConfiguration, org.springframework.boot.autoconfigure.security.servlet.UserDetailsServiceAutoConfiguration, org.springframework.boot.test.autoconfigure.web.servlet.MockMvcSecurityConfiguration]], org.springframework.boot.test.context.filter.ExcludeFilterContextCustomizer@1c852c0f, org.springframework.boot.test.json.DuplicateJsonObjectContextCustomizerFactory$DuplicateJsonObjectContextCustomizer@266374ef, org.springframework.boot.test.mock.mockito.MockitoContextCustomizer@0, org.springframework.boot.test.web.client.TestRestTemplateContextCustomizer@29a5f4e7, org.springframework.boot.test.context.SpringBootTestArgs@1], resourceBasePath = 'src/main/webapp', contextLoader = 'org.springframework.boot.test.context.SpringBootContextLoader', parent = [null]], attributes = map['org.springframework.test.context.web.ServletTestExecutionListener.activateListener' -> true]], class annotated with @DirtiesContext [false] with mode [null].
22:03:01.626 [main] DEBUG org.springframework.test.context.support.TestPropertySourceUtils - Adding inlined properties to environment: {spring.jmx.enabled=false, org.springframework.boot.test.context.SpringBootTestContextBootstrapper=true}

  .   ____          _            __ _ _
 /\\ / ___'_ __ _ _(_)_ __  __ _ \ \ \ \
( ( )\___ | '_ | '_| | '_ \/ _` | \ \ \ \
 \\/  ___)| |_)| | | | | || (_| |  ) ) ) )
  '  |____| .__|_| |_|_| |_\__, | / / / /
 =========|_|==============|___/=/_/_/_/
 :: Spring Boot ::        (v2.3.3.RELEASE)

2020-09-09 22:03:02.567  INFO 17388 --- [           main] spring.micro.brewery.BeerControllerTest  : Starting BeerControllerTest on amit with PID 17388 (started by amit.agrawal in E:\Projects\git\micro-brewery)
2020-09-09 22:03:02.602  INFO 17388 --- [           main] spring.micro.brewery.BeerControllerTest  : No active profile set, falling back to default profiles: default
2020-09-09 22:03:05.991  INFO 17388 --- [           main] .s.d.r.c.RepositoryConfigurationDelegate : Bootstrapping Spring Data JPA repositories in DEFERRED mode.
2020-09-09 22:03:06.269  INFO 17388 --- [           main] .s.d.r.c.RepositoryConfigurationDelegate : Finished Spring Data repository scanning in 249ms. Found 1 JPA repository interfaces.
2020-09-09 22:03:08.556  INFO 17388 --- [           main] o.s.s.concurrent.ThreadPoolTaskExecutor  : Initializing ExecutorService 'applicationTaskExecutor'
2020-09-09 22:03:08.608  INFO 17388 --- [           main] com.zaxxer.hikari.HikariDataSource       : HikariPool-1 - Starting...
2020-09-09 22:03:09.143  INFO 17388 --- [           main] com.zaxxer.hikari.HikariDataSource       : HikariPool-1 - Start completed.
2020-09-09 22:03:09.551  INFO 17388 --- [         task-1] o.hibernate.jpa.internal.util.LogHelper  : HHH000204: Processing PersistenceUnitInfo [name: default]
2020-09-09 22:03:10.581  INFO 17388 --- [         task-1] org.hibernate.Version                    : HHH000412: Hibernate ORM core version 5.4.20.Final
2020-09-09 22:03:11.634  WARN 17388 --- [           main] JpaBaseConfiguration$JpaWebConfiguration : spring.jpa.open-in-view is enabled by default. Therefore, database queries may be performed during view rendering. Explicitly configure spring.jpa.open-in-view to disable this warning
2020-09-09 22:03:12.004  INFO 17388 --- [         task-1] o.hibernate.annotations.common.Version   : HCANN000001: Hibernate Commons Annotations {5.1.0.Final}
2020-09-09 22:03:13.093  INFO 17388 --- [         task-1] org.hibernate.dialect.Dialect            : HHH000400: Using dialect: org.hibernate.dialect.H2Dialect
2020-09-09 22:03:17.195  INFO 17388 --- [         task-1] o.h.e.t.j.p.i.JtaPlatformInitiator       : HHH000490: Using JtaPlatform implementation: [org.hibernate.engine.transaction.jta.platform.internal.NoJtaPlatform]
2020-09-09 22:03:17.224  INFO 17388 --- [         task-1] j.LocalContainerEntityManagerFactoryBean : Initialized JPA EntityManagerFactory for persistence unit 'default'
2020-09-09 22:03:17.647  INFO 17388 --- [           main] o.s.b.t.m.w.SpringBootMockServletContext : Initializing Spring TestDispatcherServlet ''
2020-09-09 22:03:17.647  INFO 17388 --- [           main] o.s.t.web.servlet.TestDispatcherServlet  : Initializing Servlet ''
2020-09-09 22:03:17.694  INFO 17388 --- [           main] o.s.b.a.e.web.EndpointLinksResolver      : Exposing 2 endpoint(s) beneath base path '/actuator'
2020-09-09 22:03:17.801  INFO 17388 --- [           main] o.s.t.web.servlet.TestDispatcherServlet  : Completed initialization in 152 ms
2020-09-09 22:03:17.876  INFO 17388 --- [           main] DeferredRepositoryInitializationListener : Triggering deferred initialization of Spring Data repositories…
2020-09-09 22:03:18.538  INFO 17388 --- [           main] DeferredRepositoryInitializationListener : Spring Data repositories initialized!
2020-09-09 22:03:18.601  INFO 17388 --- [           main] spring.micro.brewery.BeerControllerTest  : Started BeerControllerTest in 16.871 seconds (JVM running for 23.581)
2020-09-09 22:03:20.744  WARN 17388 --- [           main] .w.s.m.s.DefaultHandlerExceptionResolver : Resolved [org.springframework.web.bind.MethodArgumentNotValidException: Validation failed for argument [0] in public org.springframework.http.ResponseEntity spring.micro.brewery.web.controller.BeerController.saveBeer(spring.micro.brewery.web.model.BeerDto) with 4 errors: [Field error in object 'beerDto' on field 'beerName': rejected value [null]; codes [NotBlank.beerDto.beerName,NotBlank.beerName,NotBlank.java.lang.String,NotBlank]; arguments [org.springframework.context.support.DefaultMessageSourceResolvable: codes [beerDto.beerName,beerName]; arguments []; default message [beerName]]; default message [must not be blank]] [Field error in object 'beerDto' on field 'price': rejected value [null]; codes [NotNull.beerDto.price,NotNull.price,NotNull.java.math.BigDecimal,NotNull]; arguments [org.springframework.context.support.DefaultMessageSourceResolvable: codes [beerDto.price,price]; arguments []; default message [price]]; default message [must not be null]] [Field error in object 'beerDto' on field 'beerStyle': rejected value [null]; codes [NotNull.beerDto.beerStyle,NotNull.beerStyle,NotNull.spring.micro.brewery.web.model.BeerStyleEnum,NotNull]; arguments [org.springframework.context.support.DefaultMessageSourceResolvable: codes [beerDto.beerStyle,beerStyle]; arguments []; default message [beerStyle]]; default message [must not be null]] [Field error in object 'beerDto' on field 'upc': rejected value [null]; codes [NotNull.beerDto.upc,NotNull.upc,NotNull.java.lang.Long,NotNull]; arguments [org.springframework.context.support.DefaultMessageSourceResolvable: codes [beerDto.upc,upc]; arguments []; default message [upc]]; default message [must not be null]] ]

MockHttpServletRequest:
      HTTP Method = POST
      Request URI = /api/v1/beer/
       Parameters = {}
          Headers = [Content-Type:"application/json;charset=UTF-8", Content-Length:"126"]
             Body = {"id":null,"version":null,"createdDate":null,"lastModifiedDate":null,"beerName":null,"beerStyle":null,"upc":null,"price":null}
    Session Attrs = {}

Handler:
             Type = spring.micro.brewery.web.controller.BeerController
           Method = spring.micro.brewery.web.controller.BeerController#saveBeer(BeerDto)

Async:
    Async started = false
     Async result = null

Resolved Exception:
             Type = org.springframework.web.bind.MethodArgumentNotValidException

ModelAndView:
        View name = null
             View = null
            Model = null

FlashMap:
       Attributes = null

MockHttpServletResponse:
           Status = 400
    Error message = null
          Headers = []
     Content type = null
             Body = 
    Forwarded URL = null
   Redirected URL = null
          Cookies = []
]]></system-out>
  </testcase>
  <testcase name="updateBeer" classname="spring.micro.brewery.BeerControllerTest" time="0.194">
    <failure message="Status expected:&lt;204&gt; but was:&lt;400&gt;" type="java.lang.AssertionError"><![CDATA[java.lang.AssertionError: Status expected:<204> but was:<400>
	at spring.micro.brewery.BeerControllerTest.updateBeer(BeerControllerTest.java:66)
]]></failure>
    <system-out><![CDATA[2020-09-09 22:03:20.940  WARN 17388 --- [           main] .w.s.m.s.DefaultHandlerExceptionResolver : Resolved [org.springframework.web.bind.MethodArgumentNotValidException: Validation failed for argument [1] in public org.springframework.http.ResponseEntity spring.micro.brewery.web.controller.BeerController.handlePut(java.util.UUID,spring.micro.brewery.web.model.BeerDto) with 4 errors: [Field error in object 'beerDto' on field 'beerName': rejected value [null]; codes [NotBlank.beerDto.beerName,NotBlank.beerName,NotBlank.java.lang.String,NotBlank]; arguments [org.springframework.context.support.DefaultMessageSourceResolvable: codes [beerDto.beerName,beerName]; arguments []; default message [beerName]]; default message [must not be blank]] [Field error in object 'beerDto' on field 'beerStyle': rejected value [null]; codes [NotNull.beerDto.beerStyle,NotNull.beerStyle,NotNull.spring.micro.brewery.web.model.BeerStyleEnum,NotNull]; arguments [org.springframework.context.support.DefaultMessageSourceResolvable: codes [beerDto.beerStyle,beerStyle]; arguments []; default message [beerStyle]]; default message [must not be null]] [Field error in object 'beerDto' on field 'upc': rejected value [null]; codes [NotNull.beerDto.upc,NotNull.upc,NotNull.java.lang.Long,NotNull]; arguments [org.springframework.context.support.DefaultMessageSourceResolvable: codes [beerDto.upc,upc]; arguments []; default message [upc]]; default message [must not be null]] [Field error in object 'beerDto' on field 'price': rejected value [null]; codes [NotNull.beerDto.price,NotNull.price,NotNull.java.math.BigDecimal,NotNull]; arguments [org.springframework.context.support.DefaultMessageSourceResolvable: codes [beerDto.price,price]; arguments []; default message [price]]; default message [must not be null]] ]

MockHttpServletRequest:
      HTTP Method = PUT
      Request URI = /api/v1/beer/7d91db93-0580-4a43-a5e6-1b0b5d23a0b6
       Parameters = {}
          Headers = [Content-Type:"application/json;charset=UTF-8", Content-Length:"126"]
             Body = {"id":null,"version":null,"createdDate":null,"lastModifiedDate":null,"beerName":null,"beerStyle":null,"upc":null,"price":null}
    Session Attrs = {}

Handler:
             Type = spring.micro.brewery.web.controller.BeerController
           Method = spring.micro.brewery.web.controller.BeerController#handlePut(UUID, BeerDto)

Async:
    Async started = false
     Async result = null

Resolved Exception:
             Type = org.springframework.web.bind.MethodArgumentNotValidException

ModelAndView:
        View name = null
             View = null
            Model = null

FlashMap:
       Attributes = null

MockHttpServletResponse:
           Status = 400
    Error message = null
          Headers = []
     Content type = null
             Body = 
    Forwarded URL = null
   Redirected URL = null
          Cookies = []
]]></system-out>
  </testcase>
  <testcase name="getBeer" classname="spring.micro.brewery.BeerControllerTest" time="0.129"/>
</testsuite>